outputhat23=0
treein = 0
compacttree = 0
stacksize: 8192 kb
rescale = 1
All-to-all alignment.
    0 / 82    1 / 82    2 / 82    3 / 82    4 / 82    5 / 82    6 / 82    7 / 82    8 / 82    9 / 82   10 / 82   11 / 82   12 / 82   13 / 82   14 / 82   15 / 82   16 / 82   17 / 82   18 / 82   19 / 82   20 / 82   21 / 82   22 / 82   23 / 82   24 / 82   25 / 82   26 / 82   27 / 82   28 / 82   29 / 82   30 / 82   31 / 82   32 / 82   33 / 82   34 / 82   35 / 82   36 / 82   37 / 82   38 / 82   39 / 82   40 / 82   41 / 82   42 / 82   43 / 82   44 / 82   45 / 82   46 / 82   47 / 82   48 / 82   49 / 82   50 / 82   51 / 82   52 / 82   53 / 82   54 / 82   55 / 82   56 / 82   57 / 82   58 / 82   59 / 82   60 / 82   61 / 82   62 / 82   63 / 82   64 / 82   65 / 82   66 / 82   67 / 82   68 / 82   69 / 82   70 / 82   71 / 82   72 / 82   73 / 82   74 / 82   75 / 82   76 / 82   77 / 82   78 / 82   79 / 82   80 / 82tbfast-pair (aa) Version 7.520
alg=L, model=BLOSUM62, 2.00, -0.10, +0.10, noshift, amax=0.0
0 thread(s)

outputhat23=0
Loading 'hat3.seed' ... 
done.
rescale = 1
Gap Penalty = -1.53, +0.00, +0.00
tbutree = 1, compacttree = 0
Constructing a UPGMA tree ... 
    0 / 82   10 / 82   20 / 82   30 / 82   40 / 82   50 / 82   60 / 82   70 / 82   80 / 82
done.

Progressive alignment ... 
STEP     1 /81 STEP     2 /81 STEP     3 /81 STEP     4 /81 STEP     5 /81 STEP     6 /81 STEP     7 /81 STEP     8 /81 STEP     9 /81 STEP    10 /81 STEP    11 /81 STEP    12 /81 STEP    13 /81 STEP    14 /81 STEP    15 /81 STEP    16 /81 STEP    17 /81 STEP    18 /81 STEP    19 /81 STEP    20 /81 STEP    21 /81 STEP    22 /81 STEP    23 /81 STEP    24 /81 STEP    25 /81 STEP    26 /81 STEP    27 /81 STEP    28 /81 STEP    29 /81 STEP    30 /81 STEP    31 /81 STEP    32 /81 STEP    33 /81 STEP    34 /81 STEP    35 /81 STEP    36 /81 STEP    37 /81 STEP    38 /81 STEP    39 /81 STEP    40 /81 STEP    41 /81 STEP    42 /81 STEP    43 /81 STEP    44 /81 STEP    45 /81 STEP    46 /81 STEP    47 /81 STEP    48 /81 STEP    49 /81 STEP    50 /81 STEP    51 /81 STEP    52 /81 STEP    53 /81 STEP    54 /81 STEP    55 /81 STEP    56 /81 STEP    57 /81 STEP    58 /81 STEP    59 /81 STEP    60 /81 STEP    61 /81 STEP    62 /81 STEP    63 /81 STEP    64 /81 STEP    65 /81 
Reallocating..done. *alloclen = 4230
STEP    66 /81 STEP    67 /81 STEP    68 /81 STEP    69 /81 STEP    70 /81 STEP    71 /81 STEP    72 /81 STEP    73 /81 STEP    74 /81 STEP    75 /81 STEP    76 /81 STEP    77 /81 
Reallocating..done. *alloclen = 5268
STEP    78 /81 STEP    79 /81 STEP    80 /81 STEP    81 /81 
done.
tbfast (aa) Version 7.520
alg=A, model=BLOSUM62, 1.53, -0.00, -0.00, noshift, amax=0.0
1 thread(s)


Strategy:
 L-INS-1 (Not tested.)
 Progressive method incorporating LOCAL pairwise alignment information

If unsure which option to use, try 'mafft --auto input > output'.
For more information, see 'mafft --help', 'mafft --man' and the mafft page.

The default gap scoring scheme has been changed in version 7.110 (2013 Oct).
It tends to insert more gaps into gap-rich regions than previous versions.
To disable this change, add the --leavegappyregion option.

Warning message:
package ‘data.table’ was built under R version 4.2.2 
Warning message:
package ‘stringr’ was built under R version 4.2.2 
Warning message:
package ‘seqinr’ was built under R version 4.2.3 
Warning message:
package ‘tidyr’ was built under R version 4.2.2 

Attaching package: ‘dplyr’

The following object is masked from ‘package:seqinr’:

    count

The following objects are masked from ‘package:data.table’:

    between, first, last

The following objects are masked from ‘package:stats’:

    filter, lag

The following objects are masked from ‘package:base’:

    intersect, setdiff, setequal, union

Warning message:
package ‘dplyr’ was built under R version 4.2.3 
Warning message:
package ‘rentrez’ was built under R version 4.2.1 
Warning message:
In fread(DOMTBLE_FILE, skip = 3, fill = TRUE) :
  Stopped early on line 175. Expected 29 fields but found 30. Consider fill=TRUE and comment.char=. First discarded non-empty line: <<OPX74991.1           -           1916 ORF6_alignment1      -           1255  1.5e-108  379.2   0.0   1   6   4.2e-26   6.9e-23   95.5   0.0   107   391    37   342     4   349 0.81 outer membrane biogenesis protein BamB [Methanoregulaceae archaeon PtaB.Bin152]>>
outputhat23=0
treein = 0
compacttree = 0
stacksize: 8192 kb
rescale = 1
All-to-all alignment.
    0 / 82    1 / 82    2 / 82    3 / 82    4 / 82    5 / 82    6 / 82    7 / 82    8 / 82    9 / 82   10 / 82   11 / 82   12 / 82   13 / 82   14 / 82   15 / 82   16 / 82   17 / 82   18 / 82   19 / 82   20 / 82   21 / 82   22 / 82   23 / 82   24 / 82   25 / 82   26 / 82   27 / 82   28 / 82   29 / 82   30 / 82   31 / 82   32 / 82   33 / 82   34 / 82   35 / 82   36 / 82   37 / 82   38 / 82   39 / 82   40 / 82   41 / 82   42 / 82   43 / 82   44 / 82   45 / 82   46 / 82   47 / 82   48 / 82   49 / 82   50 / 82   51 / 82   52 / 82   53 / 82   54 / 82   55 / 82   56 / 82   57 / 82   58 / 82   59 / 82   60 / 82   61 / 82   62 / 82   63 / 82   64 / 82   65 / 82   66 / 82   67 / 82   68 / 82   69 / 82   70 / 82   71 / 82   72 / 82   73 / 82   74 / 82   75 / 82   76 / 82   77 / 82   78 / 82   79 / 82   80 / 82tbfast-pair (aa) Version 7.520
alg=L, model=BLOSUM62, 2.00, -0.10, +0.10, noshift, amax=0.0
0 thread(s)

outputhat23=0
Loading 'hat3.seed' ... 
done.
rescale = 1
Gap Penalty = -1.53, +0.00, +0.00
tbutree = 1, compacttree = 0
Constructing a UPGMA tree ... 
    0 / 82   10 / 82   20 / 82   30 / 82   40 / 82   50 / 82   60 / 82   70 / 82   80 / 82
done.

Progressive alignment ... 
STEP     1 /81 STEP     2 /81 STEP     3 /81 STEP     4 /81 STEP     5 /81 STEP     6 /81 STEP     7 /81 STEP     8 /81 STEP     9 /81 STEP    10 /81 STEP    11 /81 STEP    12 /81 STEP    13 /81 STEP    14 /81 STEP    15 /81 STEP    16 /81 STEP    17 /81 STEP    18 /81 STEP    19 /81 STEP    20 /81 STEP    21 /81 STEP    22 /81 STEP    23 /81 STEP    24 /81 STEP    25 /81 STEP    26 /81 STEP    27 /81 STEP    28 /81 STEP    29 /81 STEP    30 /81 STEP    31 /81 STEP    32 /81 STEP    33 /81 STEP    34 /81 STEP    35 /81 STEP    36 /81 STEP    37 /81 STEP    38 /81 STEP    39 /81 STEP    40 /81 STEP    41 /81 STEP    42 /81 STEP    43 /81 STEP    44 /81 STEP    45 /81 STEP    46 /81 STEP    47 /81 STEP    48 /81 STEP    49 /81 STEP    50 /81 STEP    51 /81 STEP    52 /81 STEP    53 /81 STEP    54 /81 STEP    55 /81 STEP    56 /81 STEP    57 /81 STEP    58 /81 STEP    59 /81 STEP    60 /81 STEP    61 /81 STEP    62 /81 STEP    63 /81 STEP    64 /81 STEP    65 /81 
Reallocating..done. *alloclen = 4230
STEP    66 /81 STEP    67 /81 STEP    68 /81 STEP    69 /81 STEP    70 /81 STEP    71 /81 STEP    72 /81 STEP    73 /81 STEP    74 /81 STEP    75 /81 STEP    76 /81 STEP    77 /81 
Reallocating..done. *alloclen = 5268
STEP    78 /81 STEP    79 /81 STEP    80 /81 STEP    81 /81 
done.
tbfast (aa) Version 7.520
alg=A, model=BLOSUM62, 1.53, -0.00, -0.00, noshift, amax=0.0
1 thread(s)


Strategy:
 L-INS-1 (Not tested.)
 Progressive method incorporating LOCAL pairwise alignment information

If unsure which option to use, try 'mafft --auto input > output'.
For more information, see 'mafft --help', 'mafft --man' and the mafft page.

The default gap scoring scheme has been changed in version 7.110 (2013 Oct).
It tends to insert more gaps into gap-rich regions than previous versions.
To disable this change, add the --leavegappyregion option.

Traceback (most recent call last):
  File "/home/dlueckin/bin/miniconda3/envs/iterative_hmm/lib/python3.11/shutil.py", line 825, in move
    os.rename(src, real_dst)
FileNotFoundError: [Errno 2] No such file or directory: 'tmp_ORF6/ORF6_final_alignment.msa' -> '../10_hmm_iter/ORF6_iter3.msa'

During handling of the above exception, another exception occurred:

Traceback (most recent call last):
  File "/home/dlueckin/projects/pR1SE_australian_lakes/A_generate_protein_clusters/scripts/inflate_protein_to_protile_to_mafft.py", line 68, in <module>
    shutil.move(final_alignment_file, args.output_file)
  File "/home/dlueckin/bin/miniconda3/envs/iterative_hmm/lib/python3.11/shutil.py", line 845, in move
    copy_function(src, real_dst)
  File "/home/dlueckin/bin/miniconda3/envs/iterative_hmm/lib/python3.11/shutil.py", line 436, in copy2
    copyfile(src, dst, follow_symlinks=follow_symlinks)
  File "/home/dlueckin/bin/miniconda3/envs/iterative_hmm/lib/python3.11/shutil.py", line 258, in copyfile
    with open(dst, 'wb') as fdst:
         ^^^^^^^^^^^^^^^
FileNotFoundError: [Errno 2] No such file or directory: '../10_hmm_iter/ORF6_iter3.msa'
