outputhat23=0
treein = 0
compacttree = 0
stacksize: 8192 kb
rescale = 1
All-to-all alignment.
    0 / 30    1 / 30    2 / 30    3 / 30    4 / 30    5 / 30    6 / 30    7 / 30    8 / 30    9 / 30   10 / 30   11 / 30   12 / 30   13 / 30   14 / 30   15 / 30   16 / 30   17 / 30   18 / 30   19 / 30   20 / 30   21 / 30   22 / 30   23 / 30   24 / 30   25 / 30   26 / 30   27 / 30   28 / 30tbfast-pair (aa) Version 7.520
alg=L, model=BLOSUM62, 2.00, -0.10, +0.10, noshift, amax=0.0
0 thread(s)

outputhat23=0
Loading 'hat3.seed' ... 
done.
rescale = 1
Gap Penalty = -1.53, +0.00, +0.00
tbutree = 1, compacttree = 0
Constructing a UPGMA tree ... 
    0 / 30   10 / 30   20 / 30
done.

Progressive alignment ... 
STEP     1 /29 STEP     2 /29 STEP     3 /29 STEP     4 /29 STEP     5 /29 STEP     6 /29 STEP     7 /29 STEP     8 /29 STEP     9 /29 STEP    10 /29 STEP    11 /29 STEP    12 /29 STEP    13 /29 STEP    14 /29 STEP    15 /29 STEP    16 /29 STEP    17 /29 STEP    18 /29 STEP    19 /29 STEP    20 /29 STEP    21 /29 
Reallocating..done. *alloclen = 1784
STEP    22 /29 STEP    23 /29 STEP    24 /29 STEP    25 /29 STEP    26 /29 STEP    27 /29 STEP    28 /29 STEP    29 /29 
done.
tbfast (aa) Version 7.520
alg=A, model=BLOSUM62, 1.53, -0.00, -0.00, noshift, amax=0.0
1 thread(s)


Strategy:
 L-INS-1 (Not tested.)
 Progressive method incorporating LOCAL pairwise alignment information

If unsure which option to use, try 'mafft --auto input > output'.
For more information, see 'mafft --help', 'mafft --man' and the mafft page.

The default gap scoring scheme has been changed in version 7.110 (2013 Oct).
It tends to insert more gaps into gap-rich regions than previous versions.
To disable this change, add the --leavegappyregion option.

Warning message:
package ‘data.table’ was built under R version 4.2.2 
Warning message:
package ‘stringr’ was built under R version 4.2.2 
Warning message:
package ‘seqinr’ was built under R version 4.2.3 
Warning message:
package ‘tidyr’ was built under R version 4.2.2 

Attaching package: ‘dplyr’

The following object is masked from ‘package:seqinr’:

    count

The following objects are masked from ‘package:data.table’:

    between, first, last

The following objects are masked from ‘package:stats’:

    filter, lag

The following objects are masked from ‘package:base’:

    intersect, setdiff, setequal, union

Warning message:
package ‘dplyr’ was built under R version 4.2.3 
Warning message:
package ‘rentrez’ was built under R version 4.2.1 
Warning message:
In fread(DOMTBLE_FILE, skip = 3, fill = TRUE) :
  Stopped early on line 1071. Expected 29 fields but found 34. Consider fill=TRUE and comment.char=. First discarded non-empty line: <<P59669.2             -            457 ORF10_alignment1     -            349     0.011   29.7   0.0   1   5       1.4   6.5e+05    4.1   0.0    10    54    66   108    58   116 0.80 RecName: Full=Polyubiquitin; Contains: RecName: Full=Ubiquitin; Contains: RecName: Full=Ubiquitin-related; Flags: Precursor [Geodia cydonium]>>
outputhat23=0
treein = 0
compacttree = 0
stacksize: 8192 kb
rescale = 1
All-to-all alignment.
    0 / 37    1 / 37    2 / 37    3 / 37    4 / 37    5 / 37    6 / 37    7 / 37    8 / 37    9 / 37   10 / 37   11 / 37   12 / 37   13 / 37   14 / 37   15 / 37   16 / 37   17 / 37   18 / 37   19 / 37   20 / 37   21 / 37   22 / 37   23 / 37   24 / 37   25 / 37   26 / 37   27 / 37   28 / 37   29 / 37   30 / 37   31 / 37   32 / 37   33 / 37   34 / 37   35 / 37tbfast-pair (aa) Version 7.520
alg=L, model=BLOSUM62, 2.00, -0.10, +0.10, noshift, amax=0.0
0 thread(s)

outputhat23=0
Loading 'hat3.seed' ... 
done.
rescale = 1
Gap Penalty = -1.53, +0.00, +0.00
tbutree = 1, compacttree = 0
Constructing a UPGMA tree ... 
    0 / 37   10 / 37   20 / 37   30 / 37
done.

Progressive alignment ... 
STEP     1 /36 STEP     2 /36 STEP     3 /36 STEP     4 /36 STEP     5 /36 STEP     6 /36 STEP     7 /36 STEP     8 /36 STEP     9 /36 STEP    10 /36 STEP    11 /36 STEP    12 /36 STEP    13 /36 STEP    14 /36 STEP    15 /36 STEP    16 /36 STEP    17 /36 STEP    18 /36 STEP    19 /36 STEP    20 /36 STEP    21 /36 STEP    22 /36 STEP    23 /36 STEP    24 /36 
Reallocating..done. *alloclen = 1784
STEP    25 /36 STEP    26 /36 STEP    27 /36 STEP    28 /36 STEP    29 /36 STEP    30 /36 STEP    31 /36 STEP    32 /36 STEP    33 /36 STEP    34 /36 STEP    35 /36 STEP    36 /36 
done.
tbfast (aa) Version 7.520
alg=A, model=BLOSUM62, 1.53, -0.00, -0.00, noshift, amax=0.0
1 thread(s)


Strategy:
 L-INS-1 (Not tested.)
 Progressive method incorporating LOCAL pairwise alignment information

If unsure which option to use, try 'mafft --auto input > output'.
For more information, see 'mafft --help', 'mafft --man' and the mafft page.

The default gap scoring scheme has been changed in version 7.110 (2013 Oct).
It tends to insert more gaps into gap-rich regions than previous versions.
To disable this change, add the --leavegappyregion option.

Traceback (most recent call last):
  File "/home/dlueckin/bin/miniconda3/envs/iterative_hmm/lib/python3.11/shutil.py", line 825, in move
    os.rename(src, real_dst)
FileNotFoundError: [Errno 2] No such file or directory: 'tmp_ORF10/ORF10_final_alignment.msa' -> '../08_hmm_iter1/ORF10_iter2.msa'

During handling of the above exception, another exception occurred:

Traceback (most recent call last):
  File "/home/dlueckin/projects/pR1SE_australian_lakes/A_generate_protein_clusters/scripts/inflate_protein_to_protile_to_mafft.py", line 68, in <module>
    shutil.move(final_alignment_file, args.output_file)
  File "/home/dlueckin/bin/miniconda3/envs/iterative_hmm/lib/python3.11/shutil.py", line 845, in move
    copy_function(src, real_dst)
  File "/home/dlueckin/bin/miniconda3/envs/iterative_hmm/lib/python3.11/shutil.py", line 436, in copy2
    copyfile(src, dst, follow_symlinks=follow_symlinks)
  File "/home/dlueckin/bin/miniconda3/envs/iterative_hmm/lib/python3.11/shutil.py", line 258, in copyfile
    with open(dst, 'wb') as fdst:
         ^^^^^^^^^^^^^^^
FileNotFoundError: [Errno 2] No such file or directory: '../08_hmm_iter1/ORF10_iter2.msa'
